<html>
<head>
<title>TestNG:  Command line test</title>
<link href="../testng.css" rel="stylesheet" type="text/css" />
<link href="../my-testng.css" rel="stylesheet" type="text/css" />

<style type="text/css">
.log { display: none;} 
.stack-trace { display: none;} 
</style>
<script type="text/javascript">
<!--
function flip(e) {
  current = e.style.display;
  if (current == 'block') {
    e.style.display = 'none';
    return 0;
  }
  else {
    e.style.display = 'block';
    return 1;
  }
}

function toggleBox(szDivId, elem, msg1, msg2)
{
  var res = -1;  if (document.getElementById) {
    res = flip(document.getElementById(szDivId));
  }
  else if (document.all) {
    // this is the way old msie versions work
    res = flip(document.all[szDivId]);
  }
  if(elem) {
    if(res == 0) elem.innerHTML = msg1; else elem.innerHTML = msg2;
  }

}

function toggleAllBoxes() {
  if (document.getElementsByTagName) {
    d = document.getElementsByTagName('div');
    for (i = 0; i < d.length; i++) {
      if (d[i].className == 'log') {
        flip(d[i]);
      }
    }
  }
}

// -->
</script>

</head>
<body>
<h2 align='center'>Command line test</h2><table border='1' align="center">
<tr>
<td>Tests passed/Failed/Skipped:</td><td>9/0/4</td>
</tr><tr>
<td>Started on:</td><td>Sat Feb 21 19:08:05 COT 2015</td>
</tr>
<tr><td>Total time:</td><td>4 seconds (4590 ms)</td>
</tr><tr>
<td>Included groups:</td><td></td>
</tr><tr>
<td>Excluded groups:</td><td></td>
</tr>
</table><p/>
<small><i>(Hover the method name to see the test class name)</i></small><p/>
<table width='100%' border='1' class='invocation-failed'>
<tr><td colspan='4' align='center'><b>FAILED CONFIGURATIONS</b></td></tr>
<tr><td><b>Test method</b></td>
<td width="30%"><b>Exception</b></td>
<td width="10%"><b>Time (seconds)</b></td>
<td><b>Instance</b></td>
</tr>
<tr>
<td title='com.pe.desarollaprueba.test.AlumnoRcTest.inicioClase()'><b>inicioClase</b><br>Test class: com.pe.desarollaprueba.test.AlumnoRcTest</td>
<td><div><pre>java.lang.RuntimeException: Could not contact Selenium Server; have you started it on &apos;localhost:4444&apos; ?
Read more at http://seleniumhq.org/projects/remote-control/not-started.html
Connection refused: connect
	at com.thoughtworks.selenium.DefaultSelenium.start(DefaultSelenium.java:104)
	at com.pe.desarollaprueba.test.AlumnoRcTest.inicioClase(AlumnoRcTest.java:16)
	at org.apache.maven.surefire.testng.TestNGExecutor.run(TestNGExecutor.java:70)
	at org.apache.maven.surefire.testng.TestNGDirectoryTestSuite.executeMulti(TestNGDirectoryTestSuite.java:158)
	at org.apache.maven.surefire.testng.TestNGDirectoryTestSuite.execute(TestNGDirectoryTestSuite.java:98)
	at org.apache.maven.surefire.testng.TestNGProvider.invoke(TestNGProvider.java:111)
	at org.apache.maven.surefire.util.ReflectionUtils.invokeMethodWithArray(ReflectionUtils.java:164)
	at org.apache.maven.surefire.booter.ProviderFactory$ProviderProxy.invoke(ProviderFactory.java:110)
	at org.apache.maven.surefire.booter.SurefireStarter.invokeProvider(SurefireStarter.java:175)
	at org.apache.maven.surefire.booter.SurefireStarter.runSuitesInProcessWhenForked(SurefireStarter.java:107)
	at org.apache.maven.surefire.booter.ForkedBooter.main(ForkedBooter.java:68)
... Removed 26 stack frames</pre></div><a href='#' onClick='toggleBox("stack-trace2018431387", this, "Click to show all stack frames", "Click to hide stack frames")'>Click to show all stack frames</a>
<div class='stack-trace' id='stack-trace2018431387'><pre>java.lang.RuntimeException: Could not contact Selenium Server; have you started it on 'localhost:4444' ?
Read more at http://seleniumhq.org/projects/remote-control/not-started.html
Connection refused: connect
	at com.thoughtworks.selenium.DefaultSelenium.start(DefaultSelenium.java:104)
	at com.pe.desarollaprueba.test.AlumnoRcTest.inicioClase(AlumnoRcTest.java:16)
	at sun.reflect.NativeMethodAccessorImpl.invoke0(Native Method)
	at sun.reflect.NativeMethodAccessorImpl.invoke(NativeMethodAccessorImpl.java:57)
	at sun.reflect.DelegatingMethodAccessorImpl.invoke(DelegatingMethodAccessorImpl.java:43)
	at java.lang.reflect.Method.invoke(Method.java:606)
	at org.testng.internal.MethodInvocationHelper.invokeMethod(MethodInvocationHelper.java:80)
	at org.testng.internal.Invoker.invokeConfigurationMethod(Invoker.java:525)
	at org.testng.internal.Invoker.invokeConfigurations(Invoker.java:202)
	at org.testng.internal.Invoker.invokeConfigurations(Invoker.java:130)
	at org.testng.internal.TestMethodWorker.invokeBeforeClassMethods(TestMethodWorker.java:173)
	at org.testng.internal.TestMethodWorker.run(TestMethodWorker.java:105)
	at org.testng.TestRunner.runWorkers(TestRunner.java:1178)
	at org.testng.TestRunner.privateRun(TestRunner.java:757)
	at org.testng.TestRunner.run(TestRunner.java:608)
	at org.testng.SuiteRunner.runTest(SuiteRunner.java:334)
	at org.testng.SuiteRunner.runSequentially(SuiteRunner.java:329)
	at org.testng.SuiteRunner.privateRun(SuiteRunner.java:291)
	at org.testng.SuiteRunner.run(SuiteRunner.java:240)
	at org.testng.SuiteRunnerWorker.runSuite(SuiteRunnerWorker.java:52)
	at org.testng.SuiteRunnerWorker.run(SuiteRunnerWorker.java:86)
	at org.testng.TestNG.runSuitesSequentially(TestNG.java:1158)
	at org.testng.TestNG.runSuitesLocally(TestNG.java:1083)
	at org.testng.TestNG.run(TestNG.java:999)
	at org.apache.maven.surefire.testng.TestNGExecutor.run(TestNGExecutor.java:70)
	at org.apache.maven.surefire.testng.TestNGDirectoryTestSuite.executeMulti(TestNGDirectoryTestSuite.java:158)
	at org.apache.maven.surefire.testng.TestNGDirectoryTestSuite.execute(TestNGDirectoryTestSuite.java:98)
	at org.apache.maven.surefire.testng.TestNGProvider.invoke(TestNGProvider.java:111)
	at sun.reflect.NativeMethodAccessorImpl.invoke0(Native Method)
	at sun.reflect.NativeMethodAccessorImpl.invoke(NativeMethodAccessorImpl.java:57)
	at sun.reflect.DelegatingMethodAccessorImpl.invoke(DelegatingMethodAccessorImpl.java:43)
	at java.lang.reflect.Method.invoke(Method.java:606)
	at org.apache.maven.surefire.util.ReflectionUtils.invokeMethodWithArray(ReflectionUtils.java:164)
	at org.apache.maven.surefire.booter.ProviderFactory$ProviderProxy.invoke(ProviderFactory.java:110)
	at org.apache.maven.surefire.booter.SurefireStarter.invokeProvider(SurefireStarter.java:175)
	at org.apache.maven.surefire.booter.SurefireStarter.runSuitesInProcessWhenForked(SurefireStarter.java:107)
	at org.apache.maven.surefire.booter.ForkedBooter.main(ForkedBooter.java:68)
</pre></div></td>
<td>0</td>
<td>com.pe.desarollaprueba.test.AlumnoRcTest@402c507f</td></tr>
<tr>
<td title='com.pe.desarollaprueba.test.SedeRcTest.inicioClase()'><b>inicioClase</b><br>Test class: com.pe.desarollaprueba.test.SedeRcTest</td>
<td><div><pre>java.lang.RuntimeException: Could not contact Selenium Server; have you started it on &apos;localhost:4444&apos; ?
Read more at http://seleniumhq.org/projects/remote-control/not-started.html
Connection refused: connect
	at com.thoughtworks.selenium.DefaultSelenium.start(DefaultSelenium.java:104)
	at com.pe.desarollaprueba.test.SedeRcTest.inicioClase(SedeRcTest.java:16)
	at org.apache.maven.surefire.testng.TestNGExecutor.run(TestNGExecutor.java:70)
	at org.apache.maven.surefire.testng.TestNGDirectoryTestSuite.executeMulti(TestNGDirectoryTestSuite.java:158)
	at org.apache.maven.surefire.testng.TestNGDirectoryTestSuite.execute(TestNGDirectoryTestSuite.java:98)
	at org.apache.maven.surefire.testng.TestNGProvider.invoke(TestNGProvider.java:111)
	at org.apache.maven.surefire.util.ReflectionUtils.invokeMethodWithArray(ReflectionUtils.java:164)
	at org.apache.maven.surefire.booter.ProviderFactory$ProviderProxy.invoke(ProviderFactory.java:110)
	at org.apache.maven.surefire.booter.SurefireStarter.invokeProvider(SurefireStarter.java:175)
	at org.apache.maven.surefire.booter.SurefireStarter.runSuitesInProcessWhenForked(SurefireStarter.java:107)
	at org.apache.maven.surefire.booter.ForkedBooter.main(ForkedBooter.java:68)
... Removed 26 stack frames</pre></div><a href='#' onClick='toggleBox("stack-trace374110595", this, "Click to show all stack frames", "Click to hide stack frames")'>Click to show all stack frames</a>
<div class='stack-trace' id='stack-trace374110595'><pre>java.lang.RuntimeException: Could not contact Selenium Server; have you started it on 'localhost:4444' ?
Read more at http://seleniumhq.org/projects/remote-control/not-started.html
Connection refused: connect
	at com.thoughtworks.selenium.DefaultSelenium.start(DefaultSelenium.java:104)
	at com.pe.desarollaprueba.test.SedeRcTest.inicioClase(SedeRcTest.java:16)
	at sun.reflect.NativeMethodAccessorImpl.invoke0(Native Method)
	at sun.reflect.NativeMethodAccessorImpl.invoke(NativeMethodAccessorImpl.java:57)
	at sun.reflect.DelegatingMethodAccessorImpl.invoke(DelegatingMethodAccessorImpl.java:43)
	at java.lang.reflect.Method.invoke(Method.java:606)
	at org.testng.internal.MethodInvocationHelper.invokeMethod(MethodInvocationHelper.java:80)
	at org.testng.internal.Invoker.invokeConfigurationMethod(Invoker.java:525)
	at org.testng.internal.Invoker.invokeConfigurations(Invoker.java:202)
	at org.testng.internal.Invoker.invokeConfigurations(Invoker.java:130)
	at org.testng.internal.TestMethodWorker.invokeBeforeClassMethods(TestMethodWorker.java:173)
	at org.testng.internal.TestMethodWorker.run(TestMethodWorker.java:105)
	at org.testng.TestRunner.runWorkers(TestRunner.java:1178)
	at org.testng.TestRunner.privateRun(TestRunner.java:757)
	at org.testng.TestRunner.run(TestRunner.java:608)
	at org.testng.SuiteRunner.runTest(SuiteRunner.java:334)
	at org.testng.SuiteRunner.runSequentially(SuiteRunner.java:329)
	at org.testng.SuiteRunner.privateRun(SuiteRunner.java:291)
	at org.testng.SuiteRunner.run(SuiteRunner.java:240)
	at org.testng.SuiteRunnerWorker.runSuite(SuiteRunnerWorker.java:52)
	at org.testng.SuiteRunnerWorker.run(SuiteRunnerWorker.java:86)
	at org.testng.TestNG.runSuitesSequentially(TestNG.java:1158)
	at org.testng.TestNG.runSuitesLocally(TestNG.java:1083)
	at org.testng.TestNG.run(TestNG.java:999)
	at org.apache.maven.surefire.testng.TestNGExecutor.run(TestNGExecutor.java:70)
	at org.apache.maven.surefire.testng.TestNGDirectoryTestSuite.executeMulti(TestNGDirectoryTestSuite.java:158)
	at org.apache.maven.surefire.testng.TestNGDirectoryTestSuite.execute(TestNGDirectoryTestSuite.java:98)
	at org.apache.maven.surefire.testng.TestNGProvider.invoke(TestNGProvider.java:111)
	at sun.reflect.NativeMethodAccessorImpl.invoke0(Native Method)
	at sun.reflect.NativeMethodAccessorImpl.invoke(NativeMethodAccessorImpl.java:57)
	at sun.reflect.DelegatingMethodAccessorImpl.invoke(DelegatingMethodAccessorImpl.java:43)
	at java.lang.reflect.Method.invoke(Method.java:606)
	at org.apache.maven.surefire.util.ReflectionUtils.invokeMethodWithArray(ReflectionUtils.java:164)
	at org.apache.maven.surefire.booter.ProviderFactory$ProviderProxy.invoke(ProviderFactory.java:110)
	at org.apache.maven.surefire.booter.SurefireStarter.invokeProvider(SurefireStarter.java:175)
	at org.apache.maven.surefire.booter.SurefireStarter.runSuitesInProcessWhenForked(SurefireStarter.java:107)
	at org.apache.maven.surefire.booter.ForkedBooter.main(ForkedBooter.java:68)
</pre></div></td>
<td>0</td>
<td>com.pe.desarollaprueba.test.SedeRcTest@1d58e2c3</td></tr>
</table><p>
<table width='100%' border='1' class='invocation-skipped'>
<tr><td colspan='4' align='center'><b>SKIPPED CONFIGURATIONS</b></td></tr>
<tr><td><b>Test method</b></td>
<td width="30%"><b>Exception</b></td>
<td width="10%"><b>Time (seconds)</b></td>
<td><b>Instance</b></td>
</tr>
<tr>
<td title='com.pe.desarollaprueba.test.AlumnoRcTest.finClase()'><b>finClase</b><br>Test class: com.pe.desarollaprueba.test.AlumnoRcTest</td>
<td></td>
<td>0</td>
<td>com.pe.desarollaprueba.test.AlumnoRcTest@402c507f</td></tr>
<tr>
<td title='com.pe.desarollaprueba.test.SedeRcTest.finClase()'><b>finClase</b><br>Test class: com.pe.desarollaprueba.test.SedeRcTest</td>
<td></td>
<td>0</td>
<td>com.pe.desarollaprueba.test.SedeRcTest@1d58e2c3</td></tr>
</table><p>
<table width='100%' border='1' class='invocation-passed'>
<tr><td colspan='4' align='center'><b>PASSED TESTS</b></td></tr>
<tr><td><b>Test method</b></td>
<td width="30%"><b>Exception</b></td>
<td width="10%"><b>Time (seconds)</b></td>
<td><b>Instance</b></td>
</tr>
<tr>
<td title='com.pe.desarollaprueba.test.AlumnoTest.Listar()'><b>Listar</b><br>Test class: com.pe.desarollaprueba.test.AlumnoTest</td>
<td></td>
<td>0</td>
<td>com.pe.desarollaprueba.test.AlumnoTest@5fc02db5</td></tr>
<tr>
<td title='com.pe.desarollaprueba.test.SedeTest.Listar()'><b>Listar</b><br>Test class: com.pe.desarollaprueba.test.SedeTest</td>
<td></td>
<td>0</td>
<td>com.pe.desarollaprueba.test.SedeTest@41f8f72f</td></tr>
<tr>
<td title='com.pe.desarollaprueba.test.AlumnoTest.actualizar()'><b>actualizar</b><br>Test class: com.pe.desarollaprueba.test.AlumnoTest</td>
<td></td>
<td>0</td>
<td>com.pe.desarollaprueba.test.AlumnoTest@5fc02db5</td></tr>
<tr>
<td title='com.pe.desarollaprueba.test.SedeTest.actualizar()'><b>actualizar</b><br>Test class: com.pe.desarollaprueba.test.SedeTest</td>
<td></td>
<td>0</td>
<td>com.pe.desarollaprueba.test.SedeTest@41f8f72f</td></tr>
<tr>
<td title='com.pe.desarollaprueba.test.AlumnoTest.eliminar()'><b>eliminar</b><br>Test class: com.pe.desarollaprueba.test.AlumnoTest</td>
<td></td>
<td>0</td>
<td>com.pe.desarollaprueba.test.AlumnoTest@5fc02db5</td></tr>
<tr>
<td title='com.pe.desarollaprueba.test.AlumnoTest.insertar()'><b>insertar</b><br>Test class: com.pe.desarollaprueba.test.AlumnoTest</td>
<td></td>
<td>1</td>
<td>com.pe.desarollaprueba.test.AlumnoTest@5fc02db5</td></tr>
<tr>
<td title='com.pe.desarollaprueba.test.SedeTest.insertar()'><b>insertar</b><br>Test class: com.pe.desarollaprueba.test.SedeTest</td>
<td></td>
<td>0</td>
<td>com.pe.desarollaprueba.test.SedeTest@41f8f72f</td></tr>
<tr>
<td title='com.pe.desarollaprueba.test.AlumnoTest.tiempo()'><b>tiempo</b><br>Test class: com.pe.desarollaprueba.test.AlumnoTest</td>
<td></td>
<td>0</td>
<td>com.pe.desarollaprueba.test.AlumnoTest@5fc02db5</td></tr>
<tr>
<td title='com.pe.desarollaprueba.test.SedeTest.tiempo()'><b>tiempo</b><br>Test class: com.pe.desarollaprueba.test.SedeTest</td>
<td></td>
<td>0</td>
<td>com.pe.desarollaprueba.test.SedeTest@41f8f72f</td></tr>
</table><p>
<table width='100%' border='1' class='invocation-skipped'>
<tr><td colspan='4' align='center'><b>SKIPPED TESTS</b></td></tr>
<tr><td><b>Test method</b></td>
<td width="30%"><b>Exception</b></td>
<td width="10%"><b>Time (seconds)</b></td>
<td><b>Instance</b></td>
</tr>
<tr>
<td title='com.pe.desarollaprueba.test.AlumnoRcTest.insertarAlumno()'><b>insertarAlumno</b><br>Test class: com.pe.desarollaprueba.test.AlumnoRcTest</td>
<td></td>
<td>0</td>
<td>com.pe.desarollaprueba.test.AlumnoRcTest@402c507f</td></tr>
<tr>
<td title='com.pe.desarollaprueba.test.SedeRcTest.insertarSede()'><b>insertarSede</b><br>Test class: com.pe.desarollaprueba.test.SedeRcTest</td>
<td></td>
<td>0</td>
<td>com.pe.desarollaprueba.test.SedeRcTest@1d58e2c3</td></tr>
<tr>
<td title='com.pe.desarollaprueba.test.AlumnoRcTest.lsitarAlumnos()'><b>lsitarAlumnos</b><br>Test class: com.pe.desarollaprueba.test.AlumnoRcTest</td>
<td></td>
<td>0</td>
<td>com.pe.desarollaprueba.test.AlumnoRcTest@402c507f</td></tr>
<tr>
<td title='com.pe.desarollaprueba.test.SedeRcTest.lsitarSede()'><b>lsitarSede</b><br>Test class: com.pe.desarollaprueba.test.SedeRcTest</td>
<td></td>
<td>0</td>
<td>com.pe.desarollaprueba.test.SedeRcTest@1d58e2c3</td></tr>
</table><p>
</body>
</html>