<?xml version="1.0" encoding="UTF-8"?>
<testng-results skipped="4" failed="0" total="13" passed="9">
  <reporter-output>
  </reporter-output>
  <suite name="Command line suite" duration-ms="4590" started-at="2015-02-21T19:08:05Z" finished-at="2015-02-21T19:08:10Z">
    <groups>
    </groups>
    <test name="Command line test" duration-ms="4590" started-at="2015-02-21T19:08:05Z" finished-at="2015-02-21T19:08:10Z">
      <class name="com.pe.desarollaprueba.test.SedeTest">
        <test-method status="PASS" signature="inicioMetodo()" name="inicioMetodo" is-config="true" duration-ms="0" started-at="2015-02-21T19:08:07Z" finished-at="2015-02-21T19:08:07Z">
        </test-method>
        <test-method status="PASS" signature="insertar()" name="insertar" duration-ms="94" started-at="2015-02-21T19:08:07Z" finished-at="2015-02-21T19:08:07Z">
        </test-method>
        <test-method status="PASS" signature="inicioClase()" name="inicioClase" is-config="true" duration-ms="0" started-at="2015-02-21T19:08:07Z" finished-at="2015-02-21T19:08:07Z">
        </test-method>
        <test-method status="PASS" signature="finMetodo()" name="finMetodo" is-config="true" duration-ms="0" started-at="2015-02-21T19:08:07Z" finished-at="2015-02-21T19:08:07Z">
        </test-method>
        <test-method status="PASS" signature="Listar()" name="Listar" duration-ms="31" started-at="2015-02-21T19:08:07Z" depends-on-methods="com.pe.desarollaprueba.test.SedeTest.insertar" finished-at="2015-02-21T19:08:07Z">
        </test-method>
        <test-method status="PASS" signature="inicioMetodo()" name="inicioMetodo" is-config="true" duration-ms="0" started-at="2015-02-21T19:08:07Z" finished-at="2015-02-21T19:08:07Z">
        </test-method>
        <test-method status="PASS" signature="inicioMetodo()" name="inicioMetodo" is-config="true" duration-ms="0" started-at="2015-02-21T19:08:07Z" finished-at="2015-02-21T19:08:07Z">
        </test-method>
        <test-method status="PASS" signature="finMetodo()" name="finMetodo" is-config="true" duration-ms="0" started-at="2015-02-21T19:08:07Z" finished-at="2015-02-21T19:08:07Z">
        </test-method>
        <test-method status="PASS" signature="actualizar()" name="actualizar" duration-ms="16" started-at="2015-02-21T19:08:07Z" depends-on-methods="com.pe.desarollaprueba.test.SedeTest.insertar" finished-at="2015-02-21T19:08:07Z">
        </test-method>
        <test-method status="PASS" signature="finMetodo()" name="finMetodo" is-config="true" duration-ms="0" started-at="2015-02-21T19:08:07Z" finished-at="2015-02-21T19:08:07Z">
        </test-method>
        <test-method status="PASS" signature="tiempo()" name="tiempo" duration-ms="109" started-at="2015-02-21T19:08:10Z" finished-at="2015-02-21T19:08:10Z">
        </test-method>
        <test-method status="PASS" signature="inicioMetodo()" name="inicioMetodo" is-config="true" duration-ms="0" started-at="2015-02-21T19:08:10Z" finished-at="2015-02-21T19:08:10Z">
        </test-method>
        <test-method status="PASS" signature="finClase()" name="finClase" is-config="true" duration-ms="0" started-at="2015-02-21T19:08:10Z" finished-at="2015-02-21T19:08:10Z">
        </test-method>
        <test-method status="PASS" signature="finMetodo()" name="finMetodo" is-config="true" duration-ms="0" started-at="2015-02-21T19:08:10Z" finished-at="2015-02-21T19:08:10Z">
        </test-method>
      </class>
      <class name="com.pe.desarollaprueba.test.AlumnoRcTest">
        <test-method status="FAIL" signature="inicioClase()" name="inicioClase" is-config="true" duration-ms="0" started-at="2015-02-21T19:08:08Z" finished-at="2015-02-21T19:08:08Z">
          <exception class="java.lang.RuntimeException">
            <message>
              <![CDATA[Could not contact Selenium Server; have you started it on 'localhost:4444' ?
Read more at http://seleniumhq.org/projects/remote-control/not-started.html
Connection refused: connect]]>
            </message>
            <full-stacktrace>
              <![CDATA[java.lang.RuntimeException: Could not contact Selenium Server; have you started it on 'localhost:4444' ?
Read more at http://seleniumhq.org/projects/remote-control/not-started.html
Connection refused: connect
	at com.thoughtworks.selenium.DefaultSelenium.start(DefaultSelenium.java:104)
	at com.pe.desarollaprueba.test.AlumnoRcTest.inicioClase(AlumnoRcTest.java:16)
	at sun.reflect.NativeMethodAccessorImpl.invoke0(Native Method)
	at sun.reflect.NativeMethodAccessorImpl.invoke(NativeMethodAccessorImpl.java:57)
	at sun.reflect.DelegatingMethodAccessorImpl.invoke(DelegatingMethodAccessorImpl.java:43)
	at java.lang.reflect.Method.invoke(Method.java:606)
	at org.testng.internal.MethodInvocationHelper.invokeMethod(MethodInvocationHelper.java:80)
	at org.testng.internal.Invoker.invokeConfigurationMethod(Invoker.java:525)
	at org.testng.internal.Invoker.invokeConfigurations(Invoker.java:202)
	at org.testng.internal.Invoker.invokeConfigurations(Invoker.java:130)
	at org.testng.internal.TestMethodWorker.invokeBeforeClassMethods(TestMethodWorker.java:173)
	at org.testng.internal.TestMethodWorker.run(TestMethodWorker.java:105)
	at org.testng.TestRunner.runWorkers(TestRunner.java:1178)
	at org.testng.TestRunner.privateRun(TestRunner.java:757)
	at org.testng.TestRunner.run(TestRunner.java:608)
	at org.testng.SuiteRunner.runTest(SuiteRunner.java:334)
	at org.testng.SuiteRunner.runSequentially(SuiteRunner.java:329)
	at org.testng.SuiteRunner.privateRun(SuiteRunner.java:291)
	at org.testng.SuiteRunner.run(SuiteRunner.java:240)
	at org.testng.SuiteRunnerWorker.runSuite(SuiteRunnerWorker.java:52)
	at org.testng.SuiteRunnerWorker.run(SuiteRunnerWorker.java:86)
	at org.testng.TestNG.runSuitesSequentially(TestNG.java:1158)
	at org.testng.TestNG.runSuitesLocally(TestNG.java:1083)
	at org.testng.TestNG.run(TestNG.java:999)
	at org.apache.maven.surefire.testng.TestNGExecutor.run(TestNGExecutor.java:70)
	at org.apache.maven.surefire.testng.TestNGDirectoryTestSuite.executeMulti(TestNGDirectoryTestSuite.java:158)
	at org.apache.maven.surefire.testng.TestNGDirectoryTestSuite.execute(TestNGDirectoryTestSuite.java:98)
	at org.apache.maven.surefire.testng.TestNGProvider.invoke(TestNGProvider.java:111)
	at sun.reflect.NativeMethodAccessorImpl.invoke0(Native Method)
	at sun.reflect.NativeMethodAccessorImpl.invoke(NativeMethodAccessorImpl.java:57)
	at sun.reflect.DelegatingMethodAccessorImpl.invoke(DelegatingMethodAccessorImpl.java:43)
	at java.lang.reflect.Method.invoke(Method.java:606)
	at org.apache.maven.surefire.util.ReflectionUtils.invokeMethodWithArray(ReflectionUtils.java:164)
	at org.apache.maven.surefire.booter.ProviderFactory$ProviderProxy.invoke(ProviderFactory.java:110)
	at org.apache.maven.surefire.booter.SurefireStarter.invokeProvider(SurefireStarter.java:175)
	at org.apache.maven.surefire.booter.SurefireStarter.runSuitesInProcessWhenForked(SurefireStarter.java:107)
	at org.apache.maven.surefire.booter.ForkedBooter.main(ForkedBooter.java:68)
]]>
            </full-stacktrace>
          </exception>
        </test-method>
        <test-method status="SKIP" signature="lsitarAlumnos()" name="lsitarAlumnos" duration-ms="0" started-at="2015-02-21T19:08:09Z" finished-at="2015-02-21T19:08:09Z">
        </test-method>
        <test-method status="SKIP" signature="finClase()" name="finClase" is-config="true" duration-ms="0" started-at="2015-02-21T19:08:09Z" finished-at="2015-02-21T19:08:09Z">
        </test-method>
        <test-method status="SKIP" signature="insertarAlumno()" name="insertarAlumno" duration-ms="0" started-at="2015-02-21T19:08:09Z" finished-at="2015-02-21T19:08:09Z">
        </test-method>
      </class>
      <class name="com.pe.desarollaprueba.test.SedeRcTest">
        <test-method status="FAIL" signature="inicioClase()" name="inicioClase" is-config="true" duration-ms="0" started-at="2015-02-21T19:08:09Z" finished-at="2015-02-21T19:08:09Z">
          <exception class="java.lang.RuntimeException">
            <message>
              <![CDATA[Could not contact Selenium Server; have you started it on 'localhost:4444' ?
Read more at http://seleniumhq.org/projects/remote-control/not-started.html
Connection refused: connect]]>
            </message>
            <full-stacktrace>
              <![CDATA[java.lang.RuntimeException: Could not contact Selenium Server; have you started it on 'localhost:4444' ?
Read more at http://seleniumhq.org/projects/remote-control/not-started.html
Connection refused: connect
	at com.thoughtworks.selenium.DefaultSelenium.start(DefaultSelenium.java:104)
	at com.pe.desarollaprueba.test.SedeRcTest.inicioClase(SedeRcTest.java:16)
	at sun.reflect.NativeMethodAccessorImpl.invoke0(Native Method)
	at sun.reflect.NativeMethodAccessorImpl.invoke(NativeMethodAccessorImpl.java:57)
	at sun.reflect.DelegatingMethodAccessorImpl.invoke(DelegatingMethodAccessorImpl.java:43)
	at java.lang.reflect.Method.invoke(Method.java:606)
	at org.testng.internal.MethodInvocationHelper.invokeMethod(MethodInvocationHelper.java:80)
	at org.testng.internal.Invoker.invokeConfigurationMethod(Invoker.java:525)
	at org.testng.internal.Invoker.invokeConfigurations(Invoker.java:202)
	at org.testng.internal.Invoker.invokeConfigurations(Invoker.java:130)
	at org.testng.internal.TestMethodWorker.invokeBeforeClassMethods(TestMethodWorker.java:173)
	at org.testng.internal.TestMethodWorker.run(TestMethodWorker.java:105)
	at org.testng.TestRunner.runWorkers(TestRunner.java:1178)
	at org.testng.TestRunner.privateRun(TestRunner.java:757)
	at org.testng.TestRunner.run(TestRunner.java:608)
	at org.testng.SuiteRunner.runTest(SuiteRunner.java:334)
	at org.testng.SuiteRunner.runSequentially(SuiteRunner.java:329)
	at org.testng.SuiteRunner.privateRun(SuiteRunner.java:291)
	at org.testng.SuiteRunner.run(SuiteRunner.java:240)
	at org.testng.SuiteRunnerWorker.runSuite(SuiteRunnerWorker.java:52)
	at org.testng.SuiteRunnerWorker.run(SuiteRunnerWorker.java:86)
	at org.testng.TestNG.runSuitesSequentially(TestNG.java:1158)
	at org.testng.TestNG.runSuitesLocally(TestNG.java:1083)
	at org.testng.TestNG.run(TestNG.java:999)
	at org.apache.maven.surefire.testng.TestNGExecutor.run(TestNGExecutor.java:70)
	at org.apache.maven.surefire.testng.TestNGDirectoryTestSuite.executeMulti(TestNGDirectoryTestSuite.java:158)
	at org.apache.maven.surefire.testng.TestNGDirectoryTestSuite.execute(TestNGDirectoryTestSuite.java:98)
	at org.apache.maven.surefire.testng.TestNGProvider.invoke(TestNGProvider.java:111)
	at sun.reflect.NativeMethodAccessorImpl.invoke0(Native Method)
	at sun.reflect.NativeMethodAccessorImpl.invoke(NativeMethodAccessorImpl.java:57)
	at sun.reflect.DelegatingMethodAccessorImpl.invoke(DelegatingMethodAccessorImpl.java:43)
	at java.lang.reflect.Method.invoke(Method.java:606)
	at org.apache.maven.surefire.util.ReflectionUtils.invokeMethodWithArray(ReflectionUtils.java:164)
	at org.apache.maven.surefire.booter.ProviderFactory$ProviderProxy.invoke(ProviderFactory.java:110)
	at org.apache.maven.surefire.booter.SurefireStarter.invokeProvider(SurefireStarter.java:175)
	at org.apache.maven.surefire.booter.SurefireStarter.runSuitesInProcessWhenForked(SurefireStarter.java:107)
	at org.apache.maven.surefire.booter.ForkedBooter.main(ForkedBooter.java:68)
]]>
            </full-stacktrace>
          </exception>
        </test-method>
        <test-method status="SKIP" signature="finClase()" name="finClase" is-config="true" duration-ms="0" started-at="2015-02-21T19:08:10Z" finished-at="2015-02-21T19:08:10Z">
        </test-method>
        <test-method status="SKIP" signature="insertarSede()" name="insertarSede" duration-ms="0" started-at="2015-02-21T19:08:10Z" finished-at="2015-02-21T19:08:10Z">
        </test-method>
        <test-method status="SKIP" signature="lsitarSede()" name="lsitarSede" duration-ms="0" started-at="2015-02-21T19:08:10Z" finished-at="2015-02-21T19:08:10Z">
        </test-method>
      </class>
      <class name="com.pe.desarollaprueba.test.AlumnoTest">
        <test-method status="PASS" signature="inicioClase()" name="inicioClase" is-config="true" duration-ms="16" started-at="2015-02-21T19:08:05Z" finished-at="2015-02-21T19:08:05Z">
        </test-method>
        <test-method status="PASS" signature="insertar()" name="insertar" duration-ms="1627" started-at="2015-02-21T19:08:05Z" finished-at="2015-02-21T19:08:07Z">
        </test-method>
        <test-method status="PASS" signature="inicioMetodo()" name="inicioMetodo" is-config="true" duration-ms="0" started-at="2015-02-21T19:08:05Z" finished-at="2015-02-21T19:08:05Z">
        </test-method>
        <test-method status="PASS" signature="inicioMetodo()" name="inicioMetodo" is-config="true" duration-ms="0" started-at="2015-02-21T19:08:07Z" finished-at="2015-02-21T19:08:07Z">
        </test-method>
        <test-method status="PASS" signature="Listar()" name="Listar" duration-ms="43" started-at="2015-02-21T19:08:07Z" depends-on-methods="com.pe.desarollaprueba.test.AlumnoTest.insertar" finished-at="2015-02-21T19:08:07Z">
        </test-method>
        <test-method status="PASS" signature="finMetodo()" name="finMetodo" is-config="true" duration-ms="0" started-at="2015-02-21T19:08:07Z" finished-at="2015-02-21T19:08:07Z">
        </test-method>
        <test-method status="PASS" signature="actualizar()" name="actualizar" duration-ms="171" started-at="2015-02-21T19:08:07Z" depends-on-methods="com.pe.desarollaprueba.test.AlumnoTest.insertar" finished-at="2015-02-21T19:08:07Z">
        </test-method>
        <test-method status="PASS" signature="inicioMetodo()" name="inicioMetodo" is-config="true" duration-ms="0" started-at="2015-02-21T19:08:07Z" finished-at="2015-02-21T19:08:07Z">
        </test-method>
        <test-method status="PASS" signature="finMetodo()" name="finMetodo" is-config="true" duration-ms="0" started-at="2015-02-21T19:08:07Z" finished-at="2015-02-21T19:08:07Z">
        </test-method>
        <test-method status="PASS" signature="finMetodo()" name="finMetodo" is-config="true" duration-ms="0" started-at="2015-02-21T19:08:07Z" finished-at="2015-02-21T19:08:07Z">
        </test-method>
        <test-method status="PASS" signature="eliminar()" name="eliminar" duration-ms="78" started-at="2015-02-21T19:08:07Z" depends-on-methods="com.pe.desarollaprueba.test.AlumnoTest.insertar" finished-at="2015-02-21T19:08:07Z">
        </test-method>
        <test-method status="PASS" signature="inicioMetodo()" name="inicioMetodo" is-config="true" duration-ms="0" started-at="2015-02-21T19:08:07Z" finished-at="2015-02-21T19:08:07Z">
        </test-method>
        <test-method status="PASS" signature="finMetodo()" name="finMetodo" is-config="true" duration-ms="0" started-at="2015-02-21T19:08:07Z" finished-at="2015-02-21T19:08:07Z">
        </test-method>
        <test-method status="PASS" signature="inicioMetodo()" name="inicioMetodo" is-config="true" duration-ms="0" started-at="2015-02-21T19:08:07Z" finished-at="2015-02-21T19:08:07Z">
        </test-method>
        <test-method status="PASS" signature="tiempo()" name="tiempo" duration-ms="281" started-at="2015-02-21T19:08:07Z" finished-at="2015-02-21T19:08:08Z">
        </test-method>
        <test-method status="PASS" signature="finMetodo()" name="finMetodo" is-config="true" duration-ms="0" started-at="2015-02-21T19:08:08Z" finished-at="2015-02-21T19:08:08Z">
        </test-method>
        <test-method status="PASS" signature="finClase()" name="finClase" is-config="true" duration-ms="0" started-at="2015-02-21T19:08:08Z" finished-at="2015-02-21T19:08:08Z">
        </test-method>
      </class>
    </test>
  </suite>
</testng-results>
